# JRE version: OpenJDK Runtime Environment (7.0_65-b32) (build 1.7.0_65-b32)
# Java VM: OpenJDK 64-Bit Server VM (24.65-b04 mixed mode linux-amd64 compressed oops)
Heap
 PSYoungGen      total 37376K, used 31363K [0x00000007d6d00000, 0x00000007db600000, 0x0000000800000000)
  eden space 32256K, 92% used [0x00000007d6d00000,0x00000007d89fcf50,0x00000007d8c80000)
  from space 5120K, 32% used [0x00000007d9180000,0x00000007d9324010,0x00000007d9680000)
  to   space 5120K, 0% used [0x00000007d8c80000,0x00000007d8c80000,0x00000007d9180000)
 ParOldGen       total 83968K, used 16K [0x0000000784800000, 0x0000000789a00000, 0x00000007d6d00000)
  object space 83968K, 0% used [0x0000000784800000,0x0000000784804000,0x0000000789a00000)
 PSPermGen       total 21504K, used 8649K [0x000000077a200000, 0x000000077b700000, 0x0000000784800000)
  object space 21504K, 40% used [0x000000077a200000,0x000000077aa72508,0x000000077b700000)
GC Heap History (4 events):
Event: 1.018 GC heap before
{Heap before GC invocations=1 (full 0):
 PSYoungGen      total 37376K, used 32256K [0x00000007d6d00000, 0x00000007d9680000, 0x0000000800000000)
  eden space 32256K, 100% used [0x00000007d6d00000,0x00000007d8c80000,0x00000007d8c80000)
  from space 5120K, 0% used [0x00000007d9180000,0x00000007d9180000,0x00000007d9680000)
  to   space 5120K, 0% used [0x00000007d8c80000,0x00000007d8c80000,0x00000007d9180000)
 ParOldGen       total 83968K, used 0K [0x0000000784800000, 0x0000000789a00000, 0x00000007d6d00000)
  object space 83968K, 0% used [0x0000000784800000,0x0000000784800000,0x0000000789a00000)
 PSPermGen       total 21504K, used 8616K [0x000000077a200000, 0x000000077b700000, 0x0000000784800000)
  object space 21504K, 40% used [0x000000077a200000,0x000000077aa6a020,0x000000077b700000)
Event: 1.023 GC heap after
Heap after GC invocations=1 (full 0):
 PSYoungGen      total 37376K, used 2034K [0x00000007d6d00000, 0x00000007d9680000, 0x0000000800000000)
  eden space 32256K, 0% used [0x00000007d6d00000,0x00000007d6d00000,0x00000007d8c80000)
  from space 5120K, 39% used [0x00000007d8c80000,0x00000007d8e7ca90,0x00000007d9180000)
  to   space 5120K, 0% used [0x00000007d9180000,0x00000007d9180000,0x00000007d9680000)
 ParOldGen       total 83968K, used 8K [0x0000000784800000, 0x0000000789a00000, 0x00000007d6d00000)
  object space 83968K, 0% used [0x0000000784800000,0x0000000784802000,0x0000000789a00000)
 PSPermGen       total 21504K, used 8616K [0x000000077a200000, 0x000000077b700000, 0x0000000784800000)
  object space 21504K, 40% used [0x000000077a200000,0x000000077aa6a020,0x000000077b700000)
}
Event: 1.236 GC heap before
{Heap before GC invocations=2 (full 0):
 PSYoungGen      total 37376K, used 34290K [0x00000007d6d00000, 0x00000007d9680000, 0x0000000800000000)
  eden space 32256K, 100% used [0x00000007d6d00000,0x00000007d8c80000,0x00000007d8c80000)
  from space 5120K, 39% used [0x00000007d8c80000,0x00000007d8e7ca90,0x00000007d9180000)
  to   space 5120K, 0% used [0x00000007d9180000,0x00000007d9180000,0x00000007d9680000)
 ParOldGen       total 83968K, used 8K [0x0000000784800000, 0x0000000789a00000, 0x00000007d6d00000)
  object space 83968K, 0% used [0x0000000784800000,0x0000000784802000,0x0000000789a00000)
 PSPermGen       total 21504K, used 8616K [0x000000077a200000, 0x000000077b700000, 0x0000000784800000)
  object space 21504K, 40% used [0x000000077a200000,0x000000077aa6a390,0x000000077b700000)
Event: 1.240 GC heap after
Heap after GC invocations=2 (full 0):
 PSYoungGen      total 37376K, used 1680K [0x00000007d6d00000, 0x00000007db600000, 0x0000000800000000)
  eden space 32256K, 0% used [0x00000007d6d00000,0x00000007d6d00000,0x00000007d8c80000)
  from space 5120K, 32% used [0x00000007d9180000,0x00000007d9324010,0x00000007d9680000)
  to   space 5120K, 0% used [0x00000007d8c80000,0x00000007d8c80000,0x00000007d9180000)
 ParOldGen       total 83968K, used 16K [0x0000000784800000, 0x0000000789a00000, 0x00000007d6d00000)
  object space 83968K, 0% used [0x0000000784800000,0x0000000784804000,0x0000000789a00000)
 PSPermGen       total 21504K, used 8616K [0x000000077a200000, 0x000000077b700000, 0x0000000784800000)
  object space 21504K, 40% used [0x000000077a200000,0x000000077aa6a390,0x000000077b700000)
}

