# JRE version: OpenJDK Runtime Environment (7.0_65-b32) (build 1.7.0_65-b32)
# Java VM: OpenJDK 64-Bit Server VM (24.65-b04 mixed mode linux-amd64 compressed oops)
Heap
 PSYoungGen      total 37376K, used 6525K [0x00000007d6d00000, 0x00000007db600000, 0x0000000800000000)
  eden space 32256K, 13% used [0x00000007d6d00000,0x00000007d714f7b0,0x00000007d8c80000)
  from space 5120K, 41% used [0x00000007d8c80000,0x00000007d8e90020,0x00000007d9180000)
  to   space 5120K, 0% used [0x00000007db100000,0x00000007db100000,0x00000007db600000)
 ParOldGen       total 83968K, used 24K [0x0000000784800000, 0x0000000789a00000, 0x00000007d6d00000)
  object space 83968K, 0% used [0x0000000784800000,0x0000000784806000,0x0000000789a00000)
 PSPermGen       total 21504K, used 8653K [0x000000077a200000, 0x000000077b700000, 0x0000000784800000)
  object space 21504K, 40% used [0x000000077a200000,0x000000077aa73608,0x000000077b700000)
GC Heap History (6 events):
Event: 1.112 GC heap before
{Heap before GC invocations=1 (full 0):
 PSYoungGen      total 37376K, used 32256K [0x00000007d6d00000, 0x00000007d9680000, 0x0000000800000000)
  eden space 32256K, 100% used [0x00000007d6d00000,0x00000007d8c80000,0x00000007d8c80000)
  from space 5120K, 0% used [0x00000007d9180000,0x00000007d9180000,0x00000007d9680000)
  to   space 5120K, 0% used [0x00000007d8c80000,0x00000007d8c80000,0x00000007d9180000)
 ParOldGen       total 83968K, used 0K [0x0000000784800000, 0x0000000789a00000, 0x00000007d6d00000)
  object space 83968K, 0% used [0x0000000784800000,0x0000000784800000,0x0000000789a00000)
 PSPermGen       total 21504K, used 8620K [0x000000077a200000, 0x000000077b700000, 0x0000000784800000)
  object space 21504K, 40% used [0x000000077a200000,0x000000077aa6b120,0x000000077b700000)
Event: 1.117 GC heap after
Heap after GC invocations=1 (full 0):
 PSYoungGen      total 37376K, used 2130K [0x00000007d6d00000, 0x00000007d9680000, 0x0000000800000000)
  eden space 32256K, 0% used [0x00000007d6d00000,0x00000007d6d00000,0x00000007d8c80000)
  from space 5120K, 41% used [0x00000007d8c80000,0x00000007d8e94a90,0x00000007d9180000)
  to   space 5120K, 0% used [0x00000007d9180000,0x00000007d9180000,0x00000007d9680000)
 ParOldGen       total 83968K, used 8K [0x0000000784800000, 0x0000000789a00000, 0x00000007d6d00000)
  object space 83968K, 0% used [0x0000000784800000,0x0000000784802000,0x0000000789a00000)
 PSPermGen       total 21504K, used 8620K [0x000000077a200000, 0x000000077b700000, 0x0000000784800000)
  object space 21504K, 40% used [0x000000077a200000,0x000000077aa6b120,0x000000077b700000)
}
Event: 1.375 GC heap before
{Heap before GC invocations=2 (full 0):
 PSYoungGen      total 37376K, used 34386K [0x00000007d6d00000, 0x00000007d9680000, 0x0000000800000000)
  eden space 32256K, 100% used [0x00000007d6d00000,0x00000007d8c80000,0x00000007d8c80000)
  from space 5120K, 41% used [0x00000007d8c80000,0x00000007d8e94a90,0x00000007d9180000)
  to   space 5120K, 0% used [0x00000007d9180000,0x00000007d9180000,0x00000007d9680000)
 ParOldGen       total 83968K, used 8K [0x0000000784800000, 0x0000000789a00000, 0x00000007d6d00000)
  object space 83968K, 0% used [0x0000000784800000,0x0000000784802000,0x0000000789a00000)
 PSPermGen       total 21504K, used 8621K [0x000000077a200000, 0x000000077b700000, 0x0000000784800000)
  object space 21504K, 40% used [0x000000077a200000,0x000000077aa6b538,0x000000077b700000)
Event: 1.378 GC heap after
Heap after GC invocations=2 (full 0):
 PSYoungGen      total 37376K, used 1792K [0x00000007d6d00000, 0x00000007d9680000, 0x0000000800000000)
  eden space 32256K, 0% used [0x00000007d6d00000,0x00000007d6d00000,0x00000007d8c80000)
  from space 5120K, 35% used [0x00000007d9180000,0x00000007d9340020,0x00000007d9680000)
  to   space 5120K, 0% used [0x00000007d8c80000,0x00000007d8c80000,0x00000007d9180000)
 ParOldGen       total 83968K, used 16K [0x0000000784800000, 0x0000000789a00000, 0x00000007d6d00000)
  object space 83968K, 0% used [0x0000000784800000,0x0000000784804000,0x0000000789a00000)
 PSPermGen       total 21504K, used 8621K [0x000000077a200000, 0x000000077b700000, 0x0000000784800000)
  object space 21504K, 40% used [0x000000077a200000,0x000000077aa6b538,0x000000077b700000)
}
Event: 1.606 GC heap before
{Heap before GC invocations=3 (full 0):
 PSYoungGen      total 37376K, used 34048K [0x00000007d6d00000, 0x00000007d9680000, 0x0000000800000000)
  eden space 32256K, 100% used [0x00000007d6d00000,0x00000007d8c80000,0x00000007d8c80000)
  from space 5120K, 35% used [0x00000007d9180000,0x00000007d9340020,0x00000007d9680000)
  to   space 5120K, 0% used [0x00000007d8c80000,0x00000007d8c80000,0x00000007d9180000)
 ParOldGen       total 83968K, used 16K [0x0000000784800000, 0x0000000789a00000, 0x00000007d6d00000)
  object space 83968K, 0% used [0x0000000784800000,0x0000000784804000,0x0000000789a00000)
 PSPermGen       total 21504K, used 8622K [0x000000077a200000, 0x000000077b700000, 0x0000000784800000)
  object space 21504K, 40% used [0x000000077a200000,0x000000077aa6ba18,0x000000077b700000)
Event: 1.610 GC heap after
Heap after GC invocations=3 (full 0):
 PSYoungGen      total 37376K, used 2112K [0x00000007d6d00000, 0x00000007db600000, 0x0000000800000000)
  eden space 32256K, 0% used [0x00000007d6d00000,0x00000007d6d00000,0x00000007d8c80000)
  from space 5120K, 41% used [0x00000007d8c80000,0x00000007d8e90020,0x00000007d9180000)
  to   space 5120K, 0% used [0x00000007db100000,0x00000007db100000,0x00000007db600000)
 ParOldGen       total 83968K, used 24K [0x0000000784800000, 0x0000000789a00000, 0x00000007d6d00000)
  object space 83968K, 0% used [0x0000000784800000,0x0000000784806000,0x0000000789a00000)
 PSPermGen       total 21504K, used 8622K [0x000000077a200000, 0x000000077b700000, 0x0000000784800000)
  object space 21504K, 40% used [0x000000077a200000,0x000000077aa6ba18,0x000000077b700000)
}

